0 info it worked if it ends with ok
1 verbose cli [ '/usr/local/bin/node',
1 verbose cli   '/usr/local/bin/npm',
1 verbose cli   'install',
1 verbose cli   'app.json',
1 verbose cli   '--global' ]
2 info using npm@2.9.1
3 info using node@v0.12.3
4 verbose install initial load of /usr/local/lib/package.json
5 verbose readDependencies loading dependencies from /usr/local/lib/package.json
6 silly cache add args [ 'app.json', null ]
7 verbose cache add spec app.json
8 silly cache add parsed spec { raw: 'app.json',
8 silly cache add   scope: null,
8 silly cache add   name: null,
8 silly cache add   rawSpec: 'app.json',
8 silly cache add   spec: '/Users/itagakishintarou/git/ProgressReport/app.json',
8 silly cache add   type: 'local' }
9 silly addLocalTarball shasum (computed) a5a48458857b61639fcc3f61387ecfccc6e570e3
10 verbose addTmpTarball /Users/itagakishintarou/git/ProgressReport/app.json not in flight; adding
11 verbose addTmpTarball validating metadata from /Users/itagakishintarou/git/ProgressReport/app.json
12 verbose tar unpack /Users/itagakishintarou/git/ProgressReport/app.json
13 verbose tar unpacking to /tmp/npm-2440-2794bb45/unpack-ec5c77ee4f91
14 silly gentlyRm /tmp/npm-2440-2794bb45/unpack-ec5c77ee4f91 is being purged
15 verbose gentlyRm don't care about contents; nuking /tmp/npm-2440-2794bb45/unpack-ec5c77ee4f91
16 silly gunzTarPerm modes [ '755', '644' ]
17 error not a package /Users/itagakishintarou/git/ProgressReport/app.json
18 error addLocal Could not install /Users/itagakishintarou/git/ProgressReport/app.json
19 verbose stack Error: ENOENT, open '/tmp/npm-2440-2794bb45/unpack-ec5c77ee4f91/package.json'
19 verbose stack     at Error (native)
20 verbose cwd /Users/itagakishintarou/git/ProgressReport
21 error Darwin 14.5.0
22 error argv "/usr/local/bin/node" "/usr/local/bin/npm" "install" "app.json" "--global"
23 error node v0.12.3
24 error npm  v2.9.1
25 error path /tmp/npm-2440-2794bb45/unpack-ec5c77ee4f91/package.json
26 error code ENOENT
27 error errno -2
28 error enoent ENOENT, open '/tmp/npm-2440-2794bb45/unpack-ec5c77ee4f91/package.json'
28 error enoent This is most likely not a problem with npm itself
28 error enoent and is related to npm not being able to find a file.
29 verbose exit [ -2, true ]
